Determining if the pthread_create exist failed with the following output:
Change Dir: /ezcoin/build/release/CMakeFiles/CMakeTmp

Run Build Command:"/usr/bin/make" "cmTryCompileExec299949797/fast"
make[1]: Entering directory `/ezcoin/build/release/CMakeFiles/CMakeTmp'
/usr/bin/make -f CMakeFiles/cmTryCompileExec299949797.dir/build.make CMakeFiles/cmTryCompileExec299949797.dir/build
make[2]: Entering directory `/ezcoin/build/release/CMakeFiles/CMakeTmp'
/usr/bin/cmake -E cmake_progress_report /ezcoin/build/release/CMakeFiles/CMakeTmp/CMakeFiles 1
Building C object CMakeFiles/cmTryCompileExec299949797.dir/CheckSymbolExists.c.o
/usr/bin/cc   -std=c11  -Wall -Wextra -Wpointer-arith -Wundef -Wvla -Wwrite-strings -Werror -Wno-error=extra -Wno-error=unused-function -Wno-error=deprecated-declarations -Wno-error=sign-compare -Wno-error=strict-aliasing -Wno-error=type-limits -Wno-unused-parameter -Wno-error=unused-variable -Wno-error=undef -Wno-error=uninitialized -Wno-error=unused-result -Wlogical-op -Wno-error=maybe-uninitialized -Wno-error=clobbered -Wno-error=unused-but-set-variable -Waggregate-return -Wnested-externs -Wold-style-definition -Wstrict-prototypes -march=native -maes    -o CMakeFiles/cmTryCompileExec299949797.dir/CheckSymbolExists.c.o   -c /ezcoin/build/release/CMakeFiles/CMakeTmp/CheckSymbolExists.c
Linking C executable cmTryCompileExec299949797
/usr/bin/cmake -E cmake_link_script CMakeFiles/cmTryCompileExec299949797.dir/link.txt --verbose=1
/usr/bin/cc   -std=c11  -Wall -Wextra -Wpointer-arith -Wundef -Wvla -Wwrite-strings -Werror -Wno-error=extra -Wno-error=unused-function -Wno-error=deprecated-declarations -Wno-error=sign-compare -Wno-error=strict-aliasing -Wno-error=type-limits -Wno-unused-parameter -Wno-error=unused-variable -Wno-error=undef -Wno-error=uninitialized -Wno-error=unused-result -Wlogical-op -Wno-error=maybe-uninitialized -Wno-error=clobbered -Wno-error=unused-but-set-variable -Waggregate-return -Wnested-externs -Wold-style-definition -Wstrict-prototypes -march=native -maes     CMakeFiles/cmTryCompileExec299949797.dir/CheckSymbolExists.c.o  -o cmTryCompileExec299949797 -rdynamic 
CMakeFiles/cmTryCompileExec299949797.dir/CheckSymbolExists.c.o: In function `main':
CheckSymbolExists.c:(.text+0x16): undefined reference to `pthread_create'
collect2: error: ld returned 1 exit status
make[2]: Leaving directory `/ezcoin/build/release/CMakeFiles/CMakeTmp'
make[2]: *** [cmTryCompileExec299949797] Error 1
make[1]: Leaving directory `/ezcoin/build/release/CMakeFiles/CMakeTmp'
make[1]: *** [cmTryCompileExec299949797/fast] Error 2

File /ezcoin/build/release/CMakeFiles/CMakeTmp/CheckSymbolExists.c:
/* */
#include <pthread.h>

int main(int argc, char** argv)
{
  (void)argv;
#ifndef pthread_create
  return ((int*)(&pthread_create))[argc];
#else
  (void)argc;
  return 0;
#endif
}

Determining if the function pthread_create exists in the pthreads failed with the following output:
Change Dir: /ezcoin/build/release/CMakeFiles/CMakeTmp

Run Build Command:"/usr/bin/make" "cmTryCompileExec1961937905/fast"
make[1]: Entering directory `/ezcoin/build/release/CMakeFiles/CMakeTmp'
/usr/bin/make -f CMakeFiles/cmTryCompileExec1961937905.dir/build.make CMakeFiles/cmTryCompileExec1961937905.dir/build
make[2]: Entering directory `/ezcoin/build/release/CMakeFiles/CMakeTmp'
/usr/bin/cmake -E cmake_progress_report /ezcoin/build/release/CMakeFiles/CMakeTmp/CMakeFiles 1
Building C object CMakeFiles/cmTryCompileExec1961937905.dir/CheckFunctionExists.c.o
/usr/bin/cc   -std=c11  -Wall -Wextra -Wpointer-arith -Wundef -Wvla -Wwrite-strings -Werror -Wno-error=extra -Wno-error=unused-function -Wno-error=deprecated-declarations -Wno-error=sign-compare -Wno-error=strict-aliasing -Wno-error=type-limits -Wno-unused-parameter -Wno-error=unused-variable -Wno-error=undef -Wno-error=uninitialized -Wno-error=unused-result -Wlogical-op -Wno-error=maybe-uninitialized -Wno-error=clobbered -Wno-error=unused-but-set-variable -Waggregate-return -Wnested-externs -Wold-style-definition -Wstrict-prototypes -march=native -maes -DCHECK_FUNCTION_EXISTS=pthread_create   -o CMakeFiles/cmTryCompileExec1961937905.dir/CheckFunctionExists.c.o   -c /usr/share/cmake-3.2/Modules/CheckFunctionExists.c
/usr/share/cmake-3.2/Modules/CheckFunctionExists.c:3:1: error: function declaration isn't a prototype [-Werror=strict-prototypes]
 char CHECK_FUNCTION_EXISTS();
 ^
cc1: all warnings being treated as errors
make[2]: Leaving directory `/ezcoin/build/release/CMakeFiles/CMakeTmp'
make[2]: *** [CMakeFiles/cmTryCompileExec1961937905.dir/CheckFunctionExists.c.o] Error 1
make[1]: Leaving directory `/ezcoin/build/release/CMakeFiles/CMakeTmp'
make[1]: *** [cmTryCompileExec1961937905/fast] Error 2


Determining if the function pthread_create exists in the pthread failed with the following output:
Change Dir: /ezcoin/build/release/CMakeFiles/CMakeTmp

Run Build Command:"/usr/bin/make" "cmTryCompileExec4102429442/fast"
make[1]: Entering directory `/ezcoin/build/release/CMakeFiles/CMakeTmp'
/usr/bin/make -f CMakeFiles/cmTryCompileExec4102429442.dir/build.make CMakeFiles/cmTryCompileExec4102429442.dir/build
make[2]: Entering directory `/ezcoin/build/release/CMakeFiles/CMakeTmp'
/usr/bin/cmake -E cmake_progress_report /ezcoin/build/release/CMakeFiles/CMakeTmp/CMakeFiles 1
Building C object CMakeFiles/cmTryCompileExec4102429442.dir/CheckFunctionExists.c.o
/usr/bin/cc   -std=c11  -Wall -Wextra -Wpointer-arith -Wundef -Wvla -Wwrite-strings -Werror -Wno-error=extra -Wno-error=unused-function -Wno-error=deprecated-declarations -Wno-error=sign-compare -Wno-error=strict-aliasing -Wno-error=type-limits -Wno-unused-parameter -Wno-error=unused-variable -Wno-error=undef -Wno-error=uninitialized -Wno-error=unused-result -Wlogical-op -Wno-error=maybe-uninitialized -Wno-error=clobbered -Wno-error=unused-but-set-variable -Waggregate-return -Wnested-externs -Wold-style-definition -Wstrict-prototypes -march=native -maes -DCHECK_FUNCTION_EXISTS=pthread_create   -o CMakeFiles/cmTryCompileExec4102429442.dir/CheckFunctionExists.c.o   -c /usr/share/cmake-3.2/Modules/CheckFunctionExists.c
/usr/share/cmake-3.2/Modules/CheckFunctionExists.c:3:1: error: function declaration isn't a prototype [-Werror=strict-prototypes]
 char CHECK_FUNCTION_EXISTS();
 ^
cc1: all warnings being treated as errors
make[2]: Leaving directory `/ezcoin/build/release/CMakeFiles/CMakeTmp'
make[2]: *** [CMakeFiles/cmTryCompileExec4102429442.dir/CheckFunctionExists.c.o] Error 1
make[1]: Leaving directory `/ezcoin/build/release/CMakeFiles/CMakeTmp'
make[1]: *** [cmTryCompileExec4102429442/fast] Error 2


Determining if compiler accepts -pthread failed with the following output:
Change Dir: /ezcoin/build/release/CMakeFiles/CMakeTmp

Run Build Command:"/usr/bin/make" "cmTryCompileExec3166454723/fast"
make[1]: Entering directory `/ezcoin/build/release/CMakeFiles/CMakeTmp'
/usr/bin/make -f CMakeFiles/cmTryCompileExec3166454723.dir/build.make CMakeFiles/cmTryCompileExec3166454723.dir/build
make[2]: Entering directory `/ezcoin/build/release/CMakeFiles/CMakeTmp'
/usr/bin/cmake -E cmake_progress_report /ezcoin/build/release/CMakeFiles/CMakeTmp/CMakeFiles 1
Building C object CMakeFiles/cmTryCompileExec3166454723.dir/CheckForPthreads.c.o
/usr/bin/cc   -std=c11  -Wall -Wextra -Wpointer-arith -Wundef -Wvla -Wwrite-strings -Werror -Wno-error=extra -Wno-error=unused-function -Wno-error=deprecated-declarations -Wno-error=sign-compare -Wno-error=strict-aliasing -Wno-error=type-limits -Wno-unused-parameter -Wno-error=unused-variable -Wno-error=undef -Wno-error=uninitialized -Wno-error=unused-result -Wlogical-op -Wno-error=maybe-uninitialized -Wno-error=clobbered -Wno-error=unused-but-set-variable -Waggregate-return -Wnested-externs -Wold-style-definition -Wstrict-prototypes -march=native -maes    -o CMakeFiles/cmTryCompileExec3166454723.dir/CheckForPthreads.c.o   -c /usr/share/cmake-3.2/Modules/CheckForPthreads.c
/usr/share/cmake-3.2/Modules/CheckForPthreads.c: In function 'runner':
/usr/share/cmake-3.2/Modules/CheckForPthreads.c:34:27: error: cast from pointer to integer of different size [-Werror=pointer-to-int-cast]
     printf("%d CC: %d\n", (int)args, cc);
                           ^
cc1: all warnings being treated as errors
make[2]: Leaving directory `/ezcoin/build/release/CMakeFiles/CMakeTmp'
make[2]: *** [CMakeFiles/cmTryCompileExec3166454723.dir/CheckForPthreads.c.o] Error 1
make[1]: Leaving directory `/ezcoin/build/release/CMakeFiles/CMakeTmp'
make[1]: *** [cmTryCompileExec3166454723/fast] Error 2


